This is pdfTeX, Version 3.1415926-2.5-1.40.14 (TeX Live 2013) (format=pdflatex 2013.5.30)  6 DEC 2013 18:07
entering extended mode
 restricted \write18 enabled.
 %&-line parsing enabled.
**wireless.tex
(./wireless.tex
LaTeX2e <2011/06/27>
Babel <3.9f> and hyphenation patterns for 78 languages loaded.
(./sigplan-proc-varsize.cls
Document Class: sigplan-proc-varsize 2002/06/21 v1.4 Document Class
(/usr/local/texlive/2013/texmf-dist/tex/latex/base/article.cls
Document Class: article 2007/10/19 v1.4h Standard LaTeX document class
(/usr/local/texlive/2013/texmf-dist/tex/latex/base/size10.clo
File: size10.clo 2007/10/19 v1.4h Standard LaTeX file (size option)
)
\c@part=\count79
\c@section=\count80
\c@subsection=\count81
\c@subsubsection=\count82
\c@paragraph=\count83
\c@subparagraph=\count84
\c@figure=\count85
\c@table=\count86
\abovecaptionskip=\skip41
\belowcaptionskip=\skip42
\bibindent=\dimen102
)
(/usr/local/texlive/2013/texmf-dist/tex/latex/pslatex/pslatex.sty
Package: pslatex 1996/07/24 v1.2 pslatex emulation (DPC)
LaTeX Font Info:    Redeclaring symbol font `operators' on input line 65.
LaTeX Font Info:    Overwriting symbol font `operators' in version `normal'
(Font)                  OT1/cmr/m/n --> OT1/ptmcm/m/n on input line 65.
LaTeX Font Info:    Overwriting symbol font `operators' in version `bold'
(Font)                  OT1/cmr/bx/n --> OT1/ptmcm/m/n on input line 65.
LaTeX Font Info:    Redeclaring symbol font `letters' on input line 66.
LaTeX Font Info:    Overwriting symbol font `letters' in version `normal'
(Font)                  OML/cmm/m/it --> OML/ptmcm/m/it on input line 66.
LaTeX Font Info:    Overwriting symbol font `letters' in version `bold'
(Font)                  OML/cmm/b/it --> OML/ptmcm/m/it on input line 66.
LaTeX Font Info:    Redeclaring symbol font `symbols' on input line 67.
LaTeX Font Info:    Overwriting symbol font `symbols' in version `normal'
(Font)                  OMS/cmsy/m/n --> OMS/pzccm/m/n on input line 67.
LaTeX Font Info:    Overwriting symbol font `symbols' in version `bold'
(Font)                  OMS/cmsy/b/n --> OMS/pzccm/m/n on input line 67.
LaTeX Font Info:    Redeclaring symbol font `largesymbols' on input line 68.
LaTeX Font Info:    Overwriting symbol font `largesymbols' in version `normal'
(Font)                  OMX/cmex/m/n --> OMX/psycm/m/n on input line 68.
LaTeX Font Info:    Overwriting symbol font `largesymbols' in version `bold'
(Font)                  OMX/cmex/m/n --> OMX/psycm/m/n on input line 68.
\symbold=\mathgroup4
\symitalic=\mathgroup5
LaTeX Font Info:    Redeclaring math alphabet \mathbf on input line 74.
LaTeX Font Info:    Overwriting math alphabet `\mathbf' in version `normal'
(Font)                  OT1/cmr/bx/n --> OT1/ptm/bx/n on input line 74.
LaTeX Font Info:    Overwriting math alphabet `\mathbf' in version `bold'
(Font)                  OT1/cmr/bx/n --> OT1/ptm/bx/n on input line 74.
LaTeX Font Info:    Redeclaring math alphabet \mathit on input line 75.
LaTeX Font Info:    Overwriting math alphabet `\mathit' in version `normal'
(Font)                  OT1/cmr/m/it --> OT1/ptm/m/it on input line 75.
LaTeX Font Info:    Overwriting math alphabet `\mathit' in version `bold'
(Font)                  OT1/cmr/bx/it --> OT1/ptm/m/it on input line 75.
)
\aucount=\count87
\originalaucount=\count88
\auwidth=\dimen103
\auskip=\dimen104
\auskipcount=\count89
\auskip=\dimen105
\allauboxes=\dimen106
\addauthors=\toks14
\addauflag=\count90
\subtitletext=\toks15
\titleboxnotes=\toks16
\titleboxnoteflag=\count91
\@acmtitlebox=\box26
\titlenotecount=\count92
\tntoks=\toks17
\tntokstwo=\toks18
\tntoksthree=\toks19
\tntoksfour=\toks20
\tntoksfive=\toks21
\catcount=\count93
\copyrightnotice=\toks22
)
(/usr/local/texlive/2013/texmf-dist/tex/latex/graphics/graphicx.sty
Package: graphicx 1999/02/16 v1.0f Enhanced LaTeX Graphics (DPC,SPQR)

(/usr/local/texlive/2013/texmf-dist/tex/latex/graphics/keyval.sty
Package: keyval 1999/03/16 v1.13 key=value parser (DPC)
\KV@toks@=\toks23
)
(/usr/local/texlive/2013/texmf-dist/tex/latex/graphics/graphics.sty
Package: graphics 2009/02/05 v1.0o Standard LaTeX Graphics (DPC,SPQR)

(/usr/local/texlive/2013/texmf-dist/tex/latex/graphics/trig.sty
Package: trig 1999/03/16 v1.09 sin cos tan (DPC)
)
(/usr/local/texlive/2013/texmf-dist/tex/latex/latexconfig/graphics.cfg
File: graphics.cfg 2010/04/23 v1.9 graphics configuration of TeX Live
)
Package graphics Info: Driver file: pdftex.def on input line 91.

(/usr/local/texlive/2013/texmf-dist/tex/latex/pdftex-def/pdftex.def
File: pdftex.def 2011/05/27 v0.06d Graphics/color for pdfTeX

(/usr/local/texlive/2013/texmf-dist/tex/generic/oberdiek/infwarerr.sty
Package: infwarerr 2010/04/08 v1.3 Providing info/warning/error messages (HO)
)
(/usr/local/texlive/2013/texmf-dist/tex/generic/oberdiek/ltxcmds.sty
Package: ltxcmds 2011/11/09 v1.22 LaTeX kernel commands for general use (HO)
)
\Gread@gobject=\count94
))
\Gin@req@height=\dimen107
\Gin@req@width=\dimen108
)
(/usr/local/texlive/2013/texmf-dist/tex/latex/url/url.sty
\Urlmuskip=\muskip10
Package: url 2006/04/12  ver 3.3  Verb mode for urls, etc.
)
(/usr/local/texlive/2013/texmf-dist/tex/latex/sidecap/sidecap.sty
Package: sidecap 2003/06/06 v1.6f SideCap Package (RN/HjG)

(/usr/local/texlive/2013/texmf-dist/tex/latex/base/ifthen.sty
Package: ifthen 2001/05/26 v1.1c Standard LaTeX ifthen package (DPC)
)
\SC@BOXWD=\dimen109
\SC@CAPWD=\dimen110
\SC@tempdima=\dimen111
\SC@tempdimb=\dimen112
\c@SC@C=\count95
\SC@BOX=\box27
)
\myindent=\skip43
\mysecindent=\skip44
 (./wireless.aux

LaTeX Warning: Label `fig:sp_gd_mnist' multiply defined.


LaTeX Warning: Label `fig:sp_gd_mnist' multiply defined.


LaTeX Warning: Label `fig:sp_gd_mnist' multiply defined.


LaTeX Warning: Label `fig:sp_gd_mnist' multiply defined.


LaTeX Warning: Label `fig:sp_gd_mnist' multiply defined.


LaTeX Warning: Label `' multiply defined.


LaTeX Warning: Label `fig:sp_gd_mnist' multiply defined.


LaTeX Warning: Label `fig:sp_gd_mnist' multiply defined.


LaTeX Warning: Label `fig:sp_gd_mnist' multiply defined.


LaTeX Warning: Label `fig:sp_gd_mnist' multiply defined.


LaTeX Warning: Label `fig:sp_gd_mnist' multiply defined.

)
\openout1 = `wireless.aux'.

LaTeX Font Info:    Checking defaults for OML/cmm/m/it on input line 64.
LaTeX Font Info:    ... okay on input line 64.
LaTeX Font Info:    Checking defaults for T1/cmr/m/n on input line 64.
LaTeX Font Info:    ... okay on input line 64.
LaTeX Font Info:    Checking defaults for OT1/cmr/m/n on input line 64.
LaTeX Font Info:    ... okay on input line 64.
LaTeX Font Info:    Checking defaults for OMS/pzccm/m/n on input line 64.
LaTeX Font Info:    Try loading font information for OMS+pzccm on input line 64
.
 (/usr/local/texlive/2013/texmf-dist/tex/latex/psnfss/omspzccm.fd
File: omspzccm.fd 2000/01/03 Fontinst v1.801 font definitions for OMS/pzccm.
)
LaTeX Font Info:    ... okay on input line 64.
LaTeX Font Info:    Checking defaults for OMX/cmex/m/n on input line 64.
LaTeX Font Info:    ... okay on input line 64.
LaTeX Font Info:    Checking defaults for U/cmr/m/n on input line 64.
LaTeX Font Info:    ... okay on input line 64.

(/usr/local/texlive/2013/texmf-dist/tex/context/base/supp-pdf.mkii
[Loading MPS to PDF converter (version 2006.09.02).]
\scratchcounter=\count96
\scratchdimen=\dimen113
\scratchbox=\box28
\nofMPsegments=\count97
\nofMParguments=\count98
\everyMPshowfont=\toks24
\MPscratchCnt=\count99
\MPscratchDim=\dimen114
\MPnumerator=\count100
\makeMPintoPDFobject=\count101
\everyMPtoPDFconversion=\toks25
) (/usr/local/texlive/2013/texmf-dist/tex/generic/oberdiek/pdftexcmds.sty
Package: pdftexcmds 2011/11/29 v0.20 Utility functions of pdfTeX for LuaTeX (HO
)

(/usr/local/texlive/2013/texmf-dist/tex/generic/oberdiek/ifluatex.sty
Package: ifluatex 2010/03/01 v1.3 Provides the ifluatex switch (HO)
Package ifluatex Info: LuaTeX not detected.
)
(/usr/local/texlive/2013/texmf-dist/tex/generic/oberdiek/ifpdf.sty
Package: ifpdf 2011/01/30 v2.3 Provides the ifpdf switch (HO)
Package ifpdf Info: pdfTeX in PDF mode is detected.
)
Package pdftexcmds Info: LuaTeX not detected.
Package pdftexcmds Info: \pdf@primitive is available.
Package pdftexcmds Info: \pdf@ifprimitive is available.
Package pdftexcmds Info: \pdfdraftmode found.
)
(/usr/local/texlive/2013/texmf-dist/tex/latex/oberdiek/epstopdf-base.sty
Package: epstopdf-base 2010/02/09 v2.5 Base part for package epstopdf

(/usr/local/texlive/2013/texmf-dist/tex/latex/oberdiek/grfext.sty
Package: grfext 2010/08/19 v1.1 Manage graphics extensions (HO)

(/usr/local/texlive/2013/texmf-dist/tex/generic/oberdiek/kvdefinekeys.sty
Package: kvdefinekeys 2011/04/07 v1.3 Define keys (HO)
))
(/usr/local/texlive/2013/texmf-dist/tex/latex/oberdiek/kvoptions.sty
Package: kvoptions 2011/06/30 v3.11 Key value format for package options (HO)

(/usr/local/texlive/2013/texmf-dist/tex/generic/oberdiek/kvsetkeys.sty
Package: kvsetkeys 2012/04/25 v1.16 Key value parser (HO)

(/usr/local/texlive/2013/texmf-dist/tex/generic/oberdiek/etexcmds.sty
Package: etexcmds 2011/02/16 v1.5 Avoid name clashes with e-TeX commands (HO)
Package etexcmds Info: Could not find \expanded.
(etexcmds)             That can mean that you are not using pdfTeX 1.50 or
(etexcmds)             that some package has redefined \expanded.
(etexcmds)             In the latter case, load this package earlier.
)))
Package grfext Info: Graphics extension search list:
(grfext)             [.png,.pdf,.jpg,.mps,.jpeg,.jbig2,.jb2,.PNG,.PDF,.JPG,.JPE
G,.JBIG2,.JB2,.eps]
(grfext)             \AppendGraphicsExtensions on input line 452.

(/usr/local/texlive/2013/texmf-dist/tex/latex/latexconfig/epstopdf-sys.cfg
File: epstopdf-sys.cfg 2010/07/13 v1.3 Configuration of (r)epstopdf for TeX Liv
e
))
(/usr/local/texlive/2013/texmf-dist/tex/latex/ms/ragged2e.sty
Package: ragged2e 2009/05/21 v2.1 ragged2e Package (MS)

(/usr/local/texlive/2013/texmf-dist/tex/latex/ms/everysel.sty
Package: everysel 2011/10/28 v1.2 EverySelectfont Package (MS)

ABD: EverySelectfont initializing macros
LaTeX Info: Redefining \selectfont on input line 126.
)
\CenteringLeftskip=\skip45
\RaggedLeftLeftskip=\skip46
\RaggedRightLeftskip=\skip47
\CenteringRightskip=\skip48
\RaggedLeftRightskip=\skip49
\RaggedRightRightskip=\skip50
\CenteringParfillskip=\skip51
\RaggedLeftParfillskip=\skip52
\RaggedRightParfillskip=\skip53
\JustifyingParfillskip=\skip54
\CenteringParindent=\skip55
\RaggedLeftParindent=\skip56
\RaggedRightParindent=\skip57
\JustifyingParindent=\skip58
)
LaTeX Font Info:    Font shape `OT1/phv/m/n' will be
(Font)              scaled to size 8.09995pt on input line 71.
LaTeX Font Info:    Font shape `OT1/phv/bx/n' in size <9> not available
(Font)              Font shape `OT1/phv/b/n' tried instead on input line 71.
LaTeX Font Info:    Font shape `OT1/phv/b/n' will be
(Font)              scaled to size 8.09995pt on input line 71.
LaTeX Font Info:    Font shape `OT1/phv/bx/n' in size <18> not available
(Font)              Font shape `OT1/phv/b/n' tried instead on input line 71.
LaTeX Font Info:    Font shape `OT1/phv/b/n' will be
(Font)              scaled to size 16.19989pt on input line 71.
LaTeX Font Info:    Font shape `OT1/phv/m/n' will be
(Font)              scaled to size 12.59991pt on input line 71.
LaTeX Font Info:    Font shape `OT1/phv/m/n' will be
(Font)              scaled to size 10.79993pt on input line 71.
LaTeX Font Info:    Try loading font information for OT1+ptmcm on input line 71
.

(/usr/local/texlive/2013/texmf-dist/tex/latex/psnfss/ot1ptmcm.fd
File: ot1ptmcm.fd 2000/01/03 Fontinst v1.801 font definitions for OT1/ptmcm.
)
LaTeX Font Info:    Try loading font information for OML+ptmcm on input line 71
.

(/usr/local/texlive/2013/texmf-dist/tex/latex/psnfss/omlptmcm.fd
File: omlptmcm.fd 2000/01/03 Fontinst v1.801 font definitions for OML/ptmcm.
)
LaTeX Font Info:    Try loading font information for OMX+psycm on input line 71
.

(/usr/local/texlive/2013/texmf-dist/tex/latex/psnfss/omxpsycm.fd
File: omxpsycm.fd 2000/01/03 Fontinst v1.801 font definitions for OMX/psycm.
)
LaTeX Font Info:    Font shape `OT1/ptm/bx/n' in size <12> not available
(Font)              Font shape `OT1/ptm/b/n' tried instead on input line 71.
LaTeX Font Info:    Font shape `OT1/ptm/bx/n' in size <9> not available
(Font)              Font shape `OT1/ptm/b/n' tried instead on input line 71.
LaTeX Font Info:    Font shape `OT1/ptm/bx/n' in size <7> not available
(Font)              Font shape `OT1/ptm/b/n' tried instead on input line 71.
LaTeX Font Info:    Font shape `OT1/phv/m/n' will be
(Font)              scaled to size 8.99994pt on input line 71.
Missing character: There is no â in font ptmr7t!
Missing character: There is no € in font ptmr7t!
Missing character: There is no ™ in font ptmr7t!
 [1{/usr/local/texlive/2013/texmf-var/fonts/map/pdftex/updmap/pdftex.map}


Non-PDF special ignored!

]
Underfull \hbox (badness 10000) in paragraph at lines 144--145
[]\OT1/ptm/m/n/9 Since the TCP spec-i-fi-ca-tion re-quires the host that
 []


Underfull \hbox (badness 2302) in paragraph at lines 144--145
\OT1/ptm/m/n/9 closed/terminated the con-nec-tion to re-tain in-for-ma-tion abo
ut
 []


Underfull \hbox (badness 1038) in paragraph at lines 144--145
\OT1/ptm/m/n/9 that con-nec-tion for four min-utes [3], a client (un-nec-es-sar
-ily)
 []

Missing character: There is no â in font ptmr7t!
Missing character: There is no € in font ptmr7t!
Missing character: There is no ™ in font ptmr7t!

Underfull \hbox (badness 1077) in paragraph at lines 160--161
[]\OT1/ptm/m/n/9 Non-persistent TCP con-nec-tions are en-abled by de-fault in
 []

<powerconsumption1.png, id=11, 286.06876pt x 144.54pt>
File: powerconsumption1.png Graphic file (type png)

<use powerconsumption1.png>
Package pdftex.def Info: powerconsumption1.png used on input line 168.
(pdftex.def)             Requested size: 227.62204pt x 115.01018pt.

<powerconsumption2.png, id=12, 287.0725pt x 156.585pt>
File: powerconsumption2.png Graphic file (type png)

<use powerconsumption2.png>
Package pdftex.def Info: powerconsumption2.png used on input line 175.
(pdftex.def)             Requested size: 227.62204pt x 124.15953pt.
 <proposal.png, id=13, 420.57124pt x 425.59pt>
File: proposal.png Graphic file (type png)

<use proposal.png>
Package pdftex.def Info: proposal.png used on input line 194.
(pdftex.def)             Requested size: 227.62204pt x 230.34117pt.
 [2 <./powerconsumption1.png> <./powerconsumption2.png>]
<avg_energy_cell.png, id=17, 602.25pt x 372.39125pt>
File: avg_energy_cell.png Graphic file (type png)
 <use avg_energy_cell.png>
Package pdftex.def Info: avg_energy_cell.png used on input line 207.
(pdftex.def)             Requested size: 252.94499pt x 156.40324pt.

Overfull \hbox (57.25937pt too wide) in paragraph at lines 209--209
[][]\OT1/ptm/b/n/9 .
 []


Overfull \hbox (54.76637pt too wide) in paragraph at lines 209--209
|\OT1/ptm/b/n/9 Without
 []


Overfull \hbox (46.42336pt too wide) in paragraph at lines 209--209
\OT1/ptm/b/n/9 Head-
 []


Overfull \hbox (34.41739pt too wide) in paragraph at lines 209--209
\OT1/ptm/b/n/9 ers
 []


Overfull \hbox (60.41805pt too wide) in paragraph at lines 209--209
\OT1/ptm/b/n/9 (Cellular)| 
 []

<avg_energy_wifi.png, id=18, 602.25pt x 372.39125pt>
File: avg_energy_wifi.png Graphic file (type png)
 <use avg_energy_wifi.png>
Package pdftex.def Info: avg_energy_wifi.png used on input line 213.
(pdftex.def)             Requested size: 227.62204pt x 140.74872pt.
LaTeX Font Info:    Font shape `OT1/ptm/bx/n' in size <5> not available
(Font)              Font shape `OT1/ptm/b/n' tried instead on input line 220.

<app2.png, id=19, 335.2525pt x 495.8525pt>
File: app2.png Graphic file (type png)
 <use app2.png>
Package pdftex.def Info: app2.png used on input line 246.
(pdftex.def)             Requested size: 142.26378pt x 210.41296pt.

Underfull \hbox (badness 3019) in paragraph at lines 255--256
[]\OT1/ptm/m/n/9 The server re-sponds with an ad-di-tional re-sponse header
 []

[3 <./proposal.png> <./avg_energy_cell.png (PNG copy)> <./avg_energy_wifi.png (
PNG copy)> <./app2.png>] <monitor.jpg, id=25, 3276.24pt x 2457.18pt>
File: monitor.jpg Graphic file (type jpg)

<use monitor.jpg>
Package pdftex.def Info: monitor.jpg used on input line 282.
(pdftex.def)             Requested size: 199.16928pt x 149.3741pt.
Missing character: There is no â in font ptmb7t!
Missing character: There is no € in font ptmb7t!
Missing character: There is no ™ in font ptmb7t!
Missing character: There is no â in font ptmb7t!
Missing character: There is no € in font ptmb7t!
Missing character: There is no ™ in font ptmb7t!

<cellular_withoutheaders.png, id=26, 693.59125pt x 162.6075pt>
File: cellular_withoutheaders.png Graphic file (type png)

<use cellular_withoutheaders.png>
Package pdftex.def Info: cellular_withoutheaders.png used on input line 321.
(pdftex.def)             Requested size: 227.62204pt x 53.36288pt.

<cellular_withheaders.png, id=27, 697.60625pt x 165.61874pt>
File: cellular_withheaders.png Graphic file (type png)

<use cellular_withheaders.png>
Package pdftex.def Info: cellular_withheaders.png used on input line 328.
(pdftex.def)             Requested size: 227.62204pt x 54.04025pt.

<wifi_withoutheaders.png, id=28, 672.5125pt x 141.52875pt>
File: wifi_withoutheaders.png Graphic file (type png)

<use wifi_withoutheaders.png>
Package pdftex.def Info: wifi_withoutheaders.png used on input line 337.
(pdftex.def)             Requested size: 227.62204pt x 47.90317pt.

<wifi_withheaders.png, id=29, 671.50874pt x 106.3975pt>
File: wifi_withheaders.png Graphic file (type png)

<use wifi_withheaders.png>
Package pdftex.def Info: wifi_withheaders.png used on input line 344.
(pdftex.def)             Requested size: 227.62204pt x 36.06589pt.
LaTeX Font Info:    Try loading font information for OML+ptm on input line 353.


(/usr/local/texlive/2013/texmf-dist/tex/latex/psnfss/omlptm.fd
File: omlptm.fd 
)
LaTeX Font Info:    Font shape `OML/ptm/m/n' in size <9> not available
(Font)              Font shape `OML/cmm/m/it' tried instead on input line 353.

<chrome.png, id=30, 340.27126pt x 162.6075pt>
File: chrome.png Graphic file (type png)
 <use chrome.png>
Package pdftex.def Info: chrome.png used on input line 372.
(pdftex.def)             Requested size: 227.62204pt x 108.77525pt.
 [4 <./monitor.jpg> <./cellular_withoutheaders.png> <./cellular_withheaders.png
> <./wifi_withoutheaders.png> <./wifi_withheaders.png>]
Missing character: There is no â in font ptmr7t!
Missing character: There is no € in font ptmr7t!
Missing character: There is no ™ in font ptmr7t!
 [5 <./chrome.png>] (./wireless.aux)

LaTeX Warning: There were multiply-defined labels.

 ) 
Here is how much of TeX's memory you used:
 2208 strings out of 493315
 32136 string characters out of 6137904
 94729 words of memory out of 5000000
 5607 multiletter control sequences out of 15000+600000
 31849 words of font info for 61 fonts, out of 8000000 for 9000
 957 hyphenation exceptions out of 8191
 38i,10n,23p,906b,318s stack positions out of 5000i,500n,10000p,200000b,80000s
{/usr/local/texlive/2013/texmf-dist/fonts/enc/dvips/base/8r.enc}</usr/local/t
exlive/2013/texmf-dist/fonts/type1/public/amsfonts/cm/cmmi9.pfb></usr/local/tex
live/2013/texmf-dist/fonts/type1/urw/helvetic/uhvb8a.pfb></usr/local/texlive/20
13/texmf-dist/fonts/type1/urw/helvetic/uhvr8a.pfb></usr/local/texlive/2013/texm
f-dist/fonts/type1/urw/times/utmb8a.pfb></usr/local/texlive/2013/texmf-dist/fon
ts/type1/urw/times/utmr8a.pfb></usr/local/texlive/2013/texmf-dist/fonts/type1/u
rw/times/utmri8a.pfb>
Output written on wireless.pdf (5 pages, 2538662 bytes).
PDF statistics:
 59 PDF objects out of 1000 (max. 8388607)
 32 compressed objects within 1 object stream
 0 named destinations out of 1000 (max. 500000)
 61 words of extra memory for PDF output out of 10000 (max. 10000000)

